[10-Jul-2024 06:22:18 UTC] PHP Warning:  Undefined array key "file" in C:\Users\Owner\Local Sites\microgrid\app\public\wp-includes\media.php on line 1734
[10-Jul-2024 06:27:02 UTC] PHP Warning:  Undefined array key "file" in C:\Users\Owner\Local Sites\microgrid\app\public\wp-includes\media.php on line 1734
[26-Jul-2024 09:31:06 UTC] Cron reschedule event error for hook: action_scheduler_run_queue, Error code: could_not_set, Error message: The cron event list could not be saved., Data: {"schedule":"every_minute","args":["WP Cron"],"interval":60}
[26-Jul-2024 13:01:44 UTC] PHP Warning:  Attempt to read property "title" on null in C:\Users\Owner\Local Sites\microgrid\app\public\wp-includes\class-wp-customize-widgets.php on line 905
[26-Jul-2024 13:08:00 UTC] PHP Warning:  Attempt to read property "title" on null in C:\Users\Owner\Local Sites\microgrid\app\public\wp-includes\class-wp-customize-widgets.php on line 905
[26-Jul-2024 13:10:59 UTC] PHP Warning:  Attempt to read property "title" on null in C:\Users\Owner\Local Sites\microgrid\app\public\wp-includes\class-wp-customize-widgets.php on line 905
[26-Jul-2024 13:17:07 UTC] PHP Warning:  Attempt to read property "title" on null in C:\Users\Owner\Local Sites\microgrid\app\public\wp-includes\class-wp-customize-widgets.php on line 905
[26-Jul-2024 13:18:13 UTC] PHP Warning:  Attempt to read property "title" on null in C:\Users\Owner\Local Sites\microgrid\app\public\wp-includes\class-wp-customize-widgets.php on line 905
[26-Jul-2024 13:24:11 UTC] PHP Warning:  Attempt to read property "title" on null in C:\Users\Owner\Local Sites\microgrid\app\public\wp-includes\class-wp-customize-widgets.php on line 905
[26-Jul-2024 13:25:14 UTC] PHP Warning:  Attempt to read property "title" on null in C:\Users\Owner\Local Sites\microgrid\app\public\wp-includes\class-wp-customize-widgets.php on line 905
[26-Jul-2024 13:27:42 UTC] PHP Warning:  Attempt to read property "title" on null in C:\Users\Owner\Local Sites\microgrid\app\public\wp-includes\class-wp-customize-widgets.php on line 905
[26-Jul-2024 13:28:31 UTC] PHP Warning:  Attempt to read property "title" on null in C:\Users\Owner\Local Sites\microgrid\app\public\wp-includes\class-wp-customize-widgets.php on line 905
[26-Jul-2024 13:30:33 UTC] PHP Warning:  Attempt to read property "title" on null in C:\Users\Owner\Local Sites\microgrid\app\public\wp-includes\class-wp-customize-widgets.php on line 905
[26-Jul-2024 13:32:07 UTC] PHP Warning:  Attempt to read property "title" on null in C:\Users\Owner\Local Sites\microgrid\app\public\wp-includes\class-wp-customize-widgets.php on line 905
[26-Jul-2024 13:42:00 UTC] PHP Warning:  Attempt to read property "title" on null in C:\Users\Owner\Local Sites\microgrid\app\public\wp-includes\class-wp-customize-widgets.php on line 905
[26-Jul-2024 14:01:41 UTC] PHP Warning:  Attempt to read property "title" on null in C:\Users\Owner\Local Sites\microgrid\app\public\wp-includes\class-wp-customize-widgets.php on line 905
[26-Jul-2024 14:03:02 UTC] PHP Warning:  Attempt to read property "title" on null in C:\Users\Owner\Local Sites\microgrid\app\public\wp-includes\class-wp-customize-widgets.php on line 905
[26-Jul-2024 14:16:46 UTC] PHP Warning:  Attempt to read property "title" on null in C:\Users\Owner\Local Sites\microgrid\app\public\wp-includes\class-wp-customize-widgets.php on line 905
[26-Jul-2024 14:26:36 UTC] Cron reschedule event error for hook: action_scheduler_run_queue, Error code: invalid_schedule, Error message: Event schedule does not exist., Data: {"schedule":"every_minute","args":["WP Cron"],"interval":60}
[26-Jul-2024 14:27:08 UTC] PHP Warning:  Attempt to read property "title" on null in C:\Users\Owner\Local Sites\microgrid\app\public\wp-includes\class-wp-customize-widgets.php on line 905
[26-Jul-2024 14:27:51 UTC] PHP Warning:  Attempt to read property "title" on null in C:\Users\Owner\Local Sites\microgrid\app\public\wp-includes\class-wp-customize-widgets.php on line 905
[26-Jul-2024 14:29:28 UTC] PHP Warning:  Attempt to read property "title" on null in C:\Users\Owner\Local Sites\microgrid\app\public\wp-includes\class-wp-customize-widgets.php on line 905
[26-Jul-2024 14:34:03 UTC] PHP Warning:  Attempt to read property "title" on null in C:\Users\Owner\Local Sites\microgrid\app\public\wp-includes\class-wp-customize-widgets.php on line 905
[26-Jul-2024 14:42:06 UTC] PHP Warning:  Attempt to read property "title" on null in C:\Users\Owner\Local Sites\microgrid\app\public\wp-includes\class-wp-customize-widgets.php on line 905
[26-Jul-2024 14:47:28 UTC] PHP Warning:  Attempt to read property "title" on null in C:\Users\Owner\Local Sites\microgrid\app\public\wp-includes\class-wp-customize-widgets.php on line 905
[26-Jul-2024 14:48:04 UTC] PHP Warning:  Attempt to read property "title" on null in C:\Users\Owner\Local Sites\microgrid\app\public\wp-includes\class-wp-customize-widgets.php on line 905
[26-Jul-2024 14:48:46 UTC] PHP Warning:  Attempt to read property "title" on null in C:\Users\Owner\Local Sites\microgrid\app\public\wp-includes\class-wp-customize-widgets.php on line 905
[26-Jul-2024 14:54:42 UTC] PHP Warning:  Attempt to read property "title" on null in C:\Users\Owner\Local Sites\microgrid\app\public\wp-includes\class-wp-customize-widgets.php on line 905
[26-Jul-2024 14:54:55 UTC] PHP Warning:  Attempt to read property "title" on null in C:\Users\Owner\Local Sites\microgrid\app\public\wp-includes\class-wp-customize-widgets.php on line 905
[26-Jul-2024 14:55:51 UTC] PHP Warning:  Attempt to read property "title" on null in C:\Users\Owner\Local Sites\microgrid\app\public\wp-includes\class-wp-customize-widgets.php on line 905
[26-Jul-2024 15:02:27 UTC] PHP Warning:  Attempt to read property "title" on null in C:\Users\Owner\Local Sites\microgrid\app\public\wp-includes\class-wp-customize-widgets.php on line 905
[26-Jul-2024 15:07:34 UTC] PHP Warning:  Attempt to read property "title" on null in C:\Users\Owner\Local Sites\microgrid\app\public\wp-includes\class-wp-customize-widgets.php on line 905
[26-Jul-2024 16:34:10 UTC] PHP Warning:  Attempt to read property "title" on null in C:\Users\Owner\Local Sites\microgrid\app\public\wp-includes\class-wp-customize-widgets.php on line 905
[29-Jul-2024 03:56:12 UTC] PHP Warning:  Attempt to read property "title" on null in C:\Users\Owner\Local Sites\microgrid\app\public\wp-includes\class-wp-customize-widgets.php on line 905
[29-Jul-2024 04:01:14 UTC] PHP Warning:  Attempt to read property "title" on null in C:\Users\Owner\Local Sites\microgrid\app\public\wp-includes\class-wp-customize-widgets.php on line 905
[29-Jul-2024 16:06:35 UTC] PHP Warning:  Attempt to read property "title" on null in C:\Users\Owner\Local Sites\microgrid\app\public\wp-includes\class-wp-customize-widgets.php on line 905
[30-Jul-2024 09:22:01 UTC] PHP Warning:  Attempt to read property "title" on null in C:\Users\Owner\Local Sites\microgrid\app\public\wp-includes\class-wp-customize-widgets.php on line 905
[30-Jul-2024 15:34:00 UTC] PHP Warning:  file_put_contents(C:\Users\Owner\Local Sites\microgrid\app\public/wp-content/uploads\simply-static\temp-files/simply-static-1-1722353368\/feed/index.html): Failed to open stream: No such file or directory in C:\Users\Owner\Local Sites\microgrid\app\public\wp-content\plugins\simply-static\src\tasks\class-ss-fetch-urls-task.php on line 379
